<?xml version="1.0" encoding="UTF-8"?>
<!-- Generated by org.testng.reporters.JUnitReportReporter -->
<testsuite hostname="2024-asvidersky" failures="0" tests="1" name="ApiTest" time="13.229" errors="0" timestamp="2022-09-04T22:51:15 EEST" skipped="0">
  <testcase classname="ApiTest" name="testCreateGroup" time="13.229"/>
  <system-out/>
</testsuite> <!-- ApiTest -->
